<?xml version="1.0" encoding="UTF-8"?>
<!-- Generated by org.testng.reporters.JUnitReportReporter -->
<testsuite hostname="DESKTOP-K7BTD54" failures="0" tests="1" name="cucumber.TestNGTestRunner" time="21.399" errors="0" timestamp="2023-08-03T12:43:18 CEST" skipped="0">
  <testcase classname="cucumber.TestNGTestRunner" name="runScenario" time="21.399"/>
</testsuite> <!-- cucumber.TestNGTestRunner -->
