<?xml version="1.0" encoding="UTF-8"?>
<!-- Generated by org.testng.reporters.JUnitReportReporter -->
<testsuite hostname="DESKTOP-K7BTD54" failures="0" tests="2" name="rahulshettyacademy.tests.ErrorValidationsTest" time="35.559" errors="0" timestamp="2023-08-05T22:26:18 CEST" skipped="0">
  <testcase classname="rahulshettyacademy.tests.ErrorValidationsTest" name="LoginErrorValidation" time="11.317"/>
  <testcase classname="rahulshettyacademy.tests.ErrorValidationsTest" name="ProductErrorValidation" time="24.242"/>
</testsuite> <!-- rahulshettyacademy.tests.ErrorValidationsTest -->
