<?xml version="1.0" encoding="UTF-8"?>
<!-- Generated by org.testng.reporters.JUnitReportReporter -->
<testsuite hostname="DESKTOP-K7BTD54" failures="0" tests="3" name="rahulshettyacademy.tests.SubmitOrderTest" time="48.091" errors="0" timestamp="2023-08-05T22:26:18 CEST" skipped="0">
  <testcase classname="rahulshettyacademy.tests.SubmitOrderTest" name="submitOrder" time="24.163"/>
  <testcase classname="rahulshettyacademy.tests.SubmitOrderTest" name="submitOrder" time="13.171"/>
  <testcase classname="rahulshettyacademy.tests.SubmitOrderTest" name="OrderHistoryTest" time="10.757"/>
</testsuite> <!-- rahulshettyacademy.tests.SubmitOrderTest -->
